{"C:\\Users\\User\\Curso Labenu\\Bootcamp-Labenu\\semana20\\projeto\\src\\business\\AlbumBusiness.ts": {"path":"C:\\Users\\User\\Curso Labenu\\Bootcamp-Labenu\\semana20\\projeto\\src\\business\\AlbumBusiness.ts","statementMap":{"0":{"start":{"line":4,"column":0},"end":{"line":4,"column":52}},"1":{"start":{"line":7,"column":24},"end":{"line":7,"column":52}},"2":{"start":{"line":7,"column":62},"end":{"line":7,"column":86}},"3":{"start":{"line":8,"column":16},"end":{"line":8,"column":44}},"4":{"start":{"line":11,"column":19},"end":{"line":11,"column":48}},"5":{"start":{"line":12,"column":27},"end":{"line":12,"column":29}},"6":{"start":{"line":13,"column":8},"end":{"line":20,"column":null}},"7":{"start":{"line":14,"column":28},"end":{"line":14,"column":81}},"8":{"start":{"line":15,"column":12},"end":{"line":18,"column":null}},"9":{"start":{"line":16,"column":16},"end":{"line":17,"column":null}},"10":{"start":{"line":19,"column":12},"end":{"line":19,"column":null}},"11":{"start":{"line":21,"column":8},"end":{"line":21,"column":null}},"12":{"start":{"line":22,"column":8},"end":{"line":24,"column":null}},"13":{"start":{"line":23,"column":12},"end":{"line":23,"column":null}},"14":{"start":{"line":25,"column":8},"end":{"line":25,"column":null}},"15":{"start":{"line":6,"column":0},"end":{"line":6,"column":13}}},"fnMap":{"0":{"name":"(anonymous_7)","decl":{"start":{"line":7,"column":4},"end":{"line":7,"column":24}},"loc":{"start":{"line":8,"column":44},"end":{"line":8,"column":49}}},"1":{"name":"(anonymous_8)","decl":{"start":{"line":10,"column":17},"end":{"line":10,"column":28}},"loc":{"start":{"line":10,"column":86},"end":{"line":26,"column":null}}}},"branchMap":{"0":{"loc":{"start":{"line":15,"column":12},"end":{"line":18,"column":null}},"type":"if","locations":[{"start":{"line":15,"column":12},"end":{"line":18,"column":null}},{"start":{"line":15,"column":12},"end":{"line":18,"column":null}}]}},"s":{"0":1,"1":2,"2":2,"3":2,"4":2,"5":2,"6":2,"7":4,"8":4,"9":1,"10":3,"11":1,"12":1,"13":3,"14":1,"15":1},"f":{"0":2,"1":2},"b":{"0":[1,3]}}
,"C:\\Users\\User\\Curso Labenu\\Bootcamp-Labenu\\semana20\\projeto\\src\\business\\GenreBusiness.ts": {"path":"C:\\Users\\User\\Curso Labenu\\Bootcamp-Labenu\\semana20\\projeto\\src\\business\\GenreBusiness.ts","statementMap":{"0":{"start":{"line":5,"column":24},"end":{"line":5,"column":48}},"1":{"start":{"line":5,"column":58},"end":{"line":5,"column":86}},"2":{"start":{"line":8,"column":19},"end":{"line":8,"column":48}},"3":{"start":{"line":9,"column":8},"end":{"line":9,"column":null}},"4":{"start":{"line":10,"column":8},"end":{"line":10,"column":null}},"5":{"start":{"line":14,"column":23},"end":{"line":14,"column":62}},"6":{"start":{"line":15,"column":8},"end":{"line":15,"column":null}},"7":{"start":{"line":4,"column":0},"end":{"line":4,"column":13}}},"fnMap":{"0":{"name":"(anonymous_7)","decl":{"start":{"line":5,"column":4},"end":{"line":5,"column":24}},"loc":{"start":{"line":5,"column":86},"end":{"line":5,"column":89}}},"1":{"name":"(anonymous_8)","decl":{"start":{"line":7,"column":17},"end":{"line":7,"column":25}},"loc":{"start":{"line":7,"column":38},"end":{"line":11,"column":null}}},"2":{"name":"(anonymous_10)","decl":{"start":{"line":13,"column":17},"end":{"line":13,"column":29}},"loc":{"start":{"line":13,"column":29},"end":{"line":16,"column":null}}}},"branchMap":{},"s":{"0":2,"1":2,"2":1,"3":1,"4":1,"5":1,"6":1,"7":1},"f":{"0":2,"1":1,"2":1},"b":{}}
,"C:\\Users\\User\\Curso Labenu\\Bootcamp-Labenu\\semana20\\projeto\\src\\business\\MusicBusiness.ts": {"path":"C:\\Users\\User\\Curso Labenu\\Bootcamp-Labenu\\semana20\\projeto\\src\\business\\MusicBusiness.ts","statementMap":{"0":{"start":{"line":4,"column":0},"end":{"line":4,"column":52}},"1":{"start":{"line":7,"column":24},"end":{"line":7,"column":52}},"2":{"start":{"line":7,"column":62},"end":{"line":7,"column":86}},"3":{"start":{"line":8,"column":16},"end":{"line":8,"column":44}},"4":{"start":{"line":11,"column":28},"end":{"line":11,"column":74}},"5":{"start":{"line":12,"column":8},"end":{"line":14,"column":null}},"6":{"start":{"line":13,"column":12},"end":{"line":13,"column":null}},"7":{"start":{"line":15,"column":19},"end":{"line":15,"column":48}},"8":{"start":{"line":16,"column":8},"end":{"line":16,"column":null}},"9":{"start":{"line":17,"column":8},"end":{"line":17,"column":null}},"10":{"start":{"line":21,"column":23},"end":{"line":21,"column":36}},"11":{"start":{"line":22,"column":23},"end":{"line":22,"column":69}},"12":{"start":{"line":23,"column":8},"end":{"line":23,"column":null}},"13":{"start":{"line":6,"column":0},"end":{"line":6,"column":13}}},"fnMap":{"0":{"name":"(anonymous_7)","decl":{"start":{"line":7,"column":4},"end":{"line":7,"column":24}},"loc":{"start":{"line":8,"column":44},"end":{"line":8,"column":47}}},"1":{"name":"(anonymous_8)","decl":{"start":{"line":10,"column":17},"end":{"line":10,"column":25}},"loc":{"start":{"line":10,"column":53},"end":{"line":18,"column":null}}},"2":{"name":"(anonymous_10)","decl":{"start":{"line":20,"column":17},"end":{"line":20,"column":30}},"loc":{"start":{"line":20,"column":42},"end":{"line":24,"column":null}}}},"branchMap":{"0":{"loc":{"start":{"line":12,"column":8},"end":{"line":14,"column":null}},"type":"if","locations":[{"start":{"line":12,"column":8},"end":{"line":14,"column":null}},{"start":{"line":12,"column":8},"end":{"line":14,"column":null}}]}},"s":{"0":1,"1":3,"2":3,"3":3,"4":2,"5":2,"6":1,"7":1,"8":1,"9":1,"10":1,"11":1,"12":1,"13":1},"f":{"0":3,"1":2,"2":1},"b":{"0":[1,1]}}
,"C:\\Users\\User\\Curso Labenu\\Bootcamp-Labenu\\semana20\\projeto\\src\\business\\UserBusiness.ts": {"path":"C:\\Users\\User\\Curso Labenu\\Bootcamp-Labenu\\semana20\\projeto\\src\\business\\UserBusiness.ts","statementMap":{"0":{"start":{"line":5,"column":0},"end":{"line":5,"column":43}},"1":{"start":{"line":6,"column":0},"end":{"line":6,"column":54}},"2":{"start":{"line":7,"column":0},"end":{"line":7,"column":54}},"3":{"start":{"line":8,"column":0},"end":{"line":8,"column":52}},"4":{"start":{"line":12,"column":16},"end":{"line":12,"column":42}},"5":{"start":{"line":13,"column":16},"end":{"line":13,"column":40}},"6":{"start":{"line":14,"column":16},"end":{"line":14,"column":44}},"7":{"start":{"line":15,"column":16},"end":{"line":15,"column":46}},"8":{"start":{"line":20,"column":19},"end":{"line":20,"column":48}},"9":{"start":{"line":21,"column":21},"end":{"line":21,"column":68}},"10":{"start":{"line":22,"column":23},"end":{"line":22,"column":105}},"11":{"start":{"line":23,"column":27},"end":{"line":23,"column":74}},"12":{"start":{"line":24,"column":8},"end":{"line":24,"column":null}},"13":{"start":{"line":28,"column":23},"end":{"line":28,"column":60}},"14":{"start":{"line":29,"column":8},"end":{"line":29,"column":null}},"15":{"start":{"line":33,"column":33},"end":{"line":33,"column":72}},"16":{"start":{"line":34,"column":8},"end":{"line":36,"column":null}},"17":{"start":{"line":35,"column":12},"end":{"line":35,"column":null}},"18":{"start":{"line":37,"column":8},"end":{"line":39,"column":null}},"19":{"start":{"line":38,"column":12},"end":{"line":38,"column":null}},"20":{"start":{"line":40,"column":23},"end":{"line":40,"column":62}},"21":{"start":{"line":41,"column":8},"end":{"line":41,"column":null}},"22":{"start":{"line":45,"column":23},"end":{"line":46,"column":76}},"23":{"start":{"line":47,"column":8},"end":{"line":49,"column":null}},"24":{"start":{"line":48,"column":12},"end":{"line":48,"column":null}},"25":{"start":{"line":50,"column":28},"end":{"line":50,"column":87}},"26":{"start":{"line":51,"column":8},"end":{"line":53,"column":null}},"27":{"start":{"line":52,"column":12},"end":{"line":52,"column":null}},"28":{"start":{"line":54,"column":27},"end":{"line":57,"column":10}},"29":{"start":{"line":58,"column":8},"end":{"line":58,"column":null}},"30":{"start":{"line":10,"column":0},"end":{"line":10,"column":13}}},"fnMap":{"0":{"name":"(anonymous_7)","decl":{"start":{"line":11,"column":4},"end":{"line":11,"column":null}},"loc":{"start":{"line":15,"column":46},"end":{"line":16,"column":9}}},"1":{"name":"(anonymous_8)","decl":{"start":{"line":18,"column":17},"end":{"line":18,"column":23}},"loc":{"start":{"line":19,"column":60},"end":{"line":25,"column":null}}},"2":{"name":"(anonymous_10)","decl":{"start":{"line":27,"column":17},"end":{"line":27,"column":28}},"loc":{"start":{"line":27,"column":28},"end":{"line":30,"column":null}}},"3":{"name":"(anonymous_12)","decl":{"start":{"line":32,"column":17},"end":{"line":32,"column":28}},"loc":{"start":{"line":32,"column":39},"end":{"line":42,"column":null}}},"4":{"name":"(anonymous_14)","decl":{"start":{"line":44,"column":17},"end":{"line":44,"column":22}},"loc":{"start":{"line":44,"column":86},"end":{"line":59,"column":null}}}},"branchMap":{"0":{"loc":{"start":{"line":24,"column":42},"end":{"line":24,"column":60}},"type":"cond-expr","locations":[{"start":{"line":24,"column":42},"end":{"line":24,"column":60}},{"start":{"line":24,"column":63},"end":{"line":24,"column":102}}]},"1":{"loc":{"start":{"line":34,"column":8},"end":{"line":36,"column":null}},"type":"if","locations":[{"start":{"line":34,"column":8},"end":{"line":36,"column":null}},{"start":{"line":34,"column":8},"end":{"line":36,"column":null}}]},"2":{"loc":{"start":{"line":37,"column":8},"end":{"line":39,"column":null}},"type":"if","locations":[{"start":{"line":37,"column":8},"end":{"line":39,"column":null}},{"start":{"line":37,"column":8},"end":{"line":39,"column":null}}]},"3":{"loc":{"start":{"line":45,"column":31},"end":{"line":45,"column":92}},"type":"cond-expr","locations":[{"start":{"line":45,"column":31},"end":{"line":45,"column":92}},{"start":{"line":46,"column":12},"end":{"line":46,"column":76}}]},"4":{"loc":{"start":{"line":47,"column":8},"end":{"line":49,"column":null}},"type":"if","locations":[{"start":{"line":47,"column":8},"end":{"line":49,"column":null}},{"start":{"line":47,"column":8},"end":{"line":49,"column":null}}]},"5":{"loc":{"start":{"line":51,"column":8},"end":{"line":53,"column":null}},"type":"if","locations":[{"start":{"line":51,"column":8},"end":{"line":53,"column":null}},{"start":{"line":51,"column":8},"end":{"line":53,"column":null}}]}},"s":{"0":1,"1":1,"2":1,"3":1,"4":8,"5":8,"6":8,"7":8,"8":2,"9":2,"10":2,"11":2,"12":2,"13":0,"14":0,"15":3,"16":3,"17":1,"18":2,"19":1,"20":1,"21":1,"22":3,"23":3,"24":1,"25":2,"26":2,"27":1,"28":1,"29":1,"30":1},"f":{"0":8,"1":2,"2":0,"3":3,"4":3},"b":{"0":[1,1],"1":[1,2],"2":[1,1],"3":[2,1],"4":[1,2],"5":[1,1]}}
,"C:\\Users\\User\\Curso Labenu\\Bootcamp-Labenu\\semana20\\projeto\\src\\errors\\ErrorBase.ts": {"path":"C:\\Users\\User\\Curso Labenu\\Bootcamp-Labenu\\semana20\\projeto\\src\\errors\\ErrorBase.ts","statementMap":{"0":{"start":{"line":3,"column":8},"end":{"line":3,"column":null}},"1":{"start":{"line":2,"column":40},"end":{"line":2,"column":57}},"2":{"start":{"line":1,"column":0},"end":{"line":1,"column":13}}},"fnMap":{"0":{"name":"(anonymous_0)","decl":{"start":{"line":2,"column":4},"end":{"line":2,"column":16}},"loc":{"start":{"line":2,"column":57},"end":{"line":4,"column":5}}}},"branchMap":{},"s":{"0":6,"1":6,"2":3},"f":{"0":6},"b":{}}
,"C:\\Users\\User\\Curso Labenu\\Bootcamp-Labenu\\semana20\\projeto\\src\\errors\\GenericError.ts": {"path":"C:\\Users\\User\\Curso Labenu\\Bootcamp-Labenu\\semana20\\projeto\\src\\errors\\GenericError.ts","statementMap":{"0":{"start":{"line":1,"column":0},"end":{"line":1,"column":40}},"1":{"start":{"line":5,"column":8},"end":{"line":5,"column":null}},"2":{"start":{"line":3,"column":0},"end":{"line":3,"column":13}}},"fnMap":{"0":{"name":"(anonymous_0)","decl":{"start":{"line":4,"column":4},"end":{"line":4,"column":16}},"loc":{"start":{"line":4,"column":31},"end":{"line":6,"column":5}}}},"branchMap":{},"s":{"0":1,"1":2,"2":1},"f":{"0":2},"b":{}}
,"C:\\Users\\User\\Curso Labenu\\Bootcamp-Labenu\\semana20\\projeto\\src\\errors\\InvalidData.ts": {"path":"C:\\Users\\User\\Curso Labenu\\Bootcamp-Labenu\\semana20\\projeto\\src\\errors\\InvalidData.ts","statementMap":{"0":{"start":{"line":1,"column":0},"end":{"line":1,"column":40}},"1":{"start":{"line":5,"column":8},"end":{"line":5,"column":null}},"2":{"start":{"line":3,"column":0},"end":{"line":3,"column":13}}},"fnMap":{"0":{"name":"(anonymous_0)","decl":{"start":{"line":4,"column":4},"end":{"line":4,"column":16}},"loc":{"start":{"line":4,"column":31},"end":{"line":6,"column":5}}}},"branchMap":{},"s":{"0":3,"1":3,"2":3},"f":{"0":3},"b":{}}
,"C:\\Users\\User\\Curso Labenu\\Bootcamp-Labenu\\semana20\\projeto\\src\\errors\\UserNotFound.ts": {"path":"C:\\Users\\User\\Curso Labenu\\Bootcamp-Labenu\\semana20\\projeto\\src\\errors\\UserNotFound.ts","statementMap":{"0":{"start":{"line":1,"column":0},"end":{"line":1,"column":40}},"1":{"start":{"line":5,"column":8},"end":{"line":5,"column":null}},"2":{"start":{"line":3,"column":0},"end":{"line":3,"column":13}}},"fnMap":{"0":{"name":"(anonymous_0)","decl":{"start":{"line":4,"column":4},"end":{"line":4,"column":16}},"loc":{"start":{"line":4,"column":31},"end":{"line":6,"column":5}}}},"branchMap":{},"s":{"0":1,"1":1,"2":1},"f":{"0":1},"b":{}}
,"C:\\Users\\User\\Curso Labenu\\Bootcamp-Labenu\\semana20\\projeto\\src\\models\\User.ts": {"path":"C:\\Users\\User\\Curso Labenu\\Bootcamp-Labenu\\semana20\\projeto\\src\\models\\User.ts","statementMap":{"0":{"start":{"line":4,"column":24},"end":{"line":4,"column":36}},"1":{"start":{"line":4,"column":46},"end":{"line":4,"column":59}},"2":{"start":{"line":5,"column":16},"end":{"line":5,"column":32}},"3":{"start":{"line":5,"column":42},"end":{"line":5,"column":59}},"4":{"start":{"line":5,"column":69},"end":{"line":5,"column":89}},"5":{"start":{"line":6,"column":16},"end":{"line":6,"column":29}},"6":{"start":{"line":9,"column":8},"end":{"line":9,"column":null}},"7":{"start":{"line":13,"column":8},"end":{"line":13,"column":null}},"8":{"start":{"line":17,"column":8},"end":{"line":17,"column":null}},"9":{"start":{"line":21,"column":8},"end":{"line":21,"column":null}},"10":{"start":{"line":25,"column":8},"end":{"line":25,"column":null}},"11":{"start":{"line":29,"column":8},"end":{"line":29,"column":null}},"12":{"start":{"line":3,"column":0},"end":{"line":3,"column":13}},"13":{"start":{"line":33,"column":0},"end":{"line":33,"column":null}},"14":{"start":{"line":34,"column":4},"end":{"line":34,"column":null}},"15":{"start":{"line":35,"column":4},"end":{"line":35,"column":null}},"16":{"start":{"line":36,"column":4},"end":{"line":36,"column":null}},"17":{"start":{"line":37,"column":4},"end":{"line":37,"column":null}}},"fnMap":{"0":{"name":"(anonymous_0)","decl":{"start":{"line":4,"column":4},"end":{"line":4,"column":24}},"loc":{"start":{"line":6,"column":29},"end":{"line":6,"column":34}}},"1":{"name":"(anonymous_1)","decl":{"start":{"line":8,"column":11},"end":{"line":8,"column":18}},"loc":{"start":{"line":8,"column":18},"end":{"line":10,"column":5}}},"2":{"name":"(anonymous_2)","decl":{"start":{"line":12,"column":11},"end":{"line":12,"column":19}},"loc":{"start":{"line":12,"column":19},"end":{"line":14,"column":5}}},"3":{"name":"(anonymous_3)","decl":{"start":{"line":16,"column":11},"end":{"line":16,"column":22}},"loc":{"start":{"line":16,"column":22},"end":{"line":18,"column":5}}},"4":{"name":"(anonymous_4)","decl":{"start":{"line":20,"column":11},"end":{"line":20,"column":18}},"loc":{"start":{"line":20,"column":18},"end":{"line":22,"column":5}}},"5":{"name":"(anonymous_5)","decl":{"start":{"line":24,"column":11},"end":{"line":24,"column":25}},"loc":{"start":{"line":24,"column":25},"end":{"line":26,"column":5}}},"6":{"name":"(anonymous_6)","decl":{"start":{"line":28,"column":11},"end":{"line":28,"column":22}},"loc":{"start":{"line":28,"column":22},"end":{"line":30,"column":5}}},"7":{"name":"(anonymous_7)","decl":{"start":{"line":33,"column":0},"end":{"line":33,"column":12}},"loc":{"start":{"line":33,"column":21},"end":{"line":38,"column":1}}}},"branchMap":{"0":{"loc":{"start":{"line":33,"column":12},"end":{"line":33,"column":21}},"type":"binary-expr","locations":[{"start":{"line":33,"column":12},"end":{"line":33,"column":21}},{"start":{"line":33,"column":12},"end":{"line":33,"column":null}}]}},"s":{"0":0,"1":0,"2":0,"3":0,"4":0,"5":0,"6":0,"7":0,"8":0,"9":0,"10":0,"11":0,"12":1,"13":1,"14":1,"15":1,"16":1,"17":1},"f":{"0":0,"1":0,"2":0,"3":0,"4":0,"5":0,"6":0,"7":1},"b":{"0":[1,1]}}
}
