TN:
SF:src\business\AlbumBusiness.ts
FN:7,(anonymous_7)
FN:10,(anonymous_8)
FNF:2
FNH:2
FNDA:2,(anonymous_7)
FNDA:2,(anonymous_8)
DA:4,1
DA:6,1
DA:7,2
DA:8,2
DA:11,2
DA:12,2
DA:13,2
DA:14,4
DA:15,4
DA:16,1
DA:19,3
DA:21,1
DA:22,1
DA:23,3
DA:25,1
LF:15
LH:15
BRDA:15,0,0,1
BRDA:15,0,1,3
BRF:2
BRH:2
end_of_record
TN:
SF:src\business\GenreBusiness.ts
FN:5,(anonymous_7)
FN:7,(anonymous_8)
FN:13,(anonymous_10)
FNF:3
FNH:3
FNDA:2,(anonymous_7)
FNDA:1,(anonymous_8)
FNDA:1,(anonymous_10)
DA:4,1
DA:5,2
DA:8,1
DA:9,1
DA:10,1
DA:14,1
DA:15,1
LF:7
LH:7
BRF:0
BRH:0
end_of_record
TN:
SF:src\business\MusicBusiness.ts
FN:7,(anonymous_7)
FN:10,(anonymous_8)
FN:20,(anonymous_10)
FNF:3
FNH:3
FNDA:3,(anonymous_7)
FNDA:2,(anonymous_8)
FNDA:1,(anonymous_10)
DA:4,1
DA:6,1
DA:7,3
DA:8,3
DA:11,2
DA:12,2
DA:13,1
DA:15,1
DA:16,1
DA:17,1
DA:21,1
DA:22,1
DA:23,1
LF:13
LH:13
BRDA:12,0,0,1
BRDA:12,0,1,1
BRF:2
BRH:2
end_of_record
TN:
SF:src\business\UserBusiness.ts
FN:11,(anonymous_7)
FN:18,(anonymous_8)
FN:27,(anonymous_10)
FN:32,(anonymous_12)
FN:44,(anonymous_14)
FNF:5
FNH:4
FNDA:8,(anonymous_7)
FNDA:2,(anonymous_8)
FNDA:0,(anonymous_10)
FNDA:3,(anonymous_12)
FNDA:3,(anonymous_14)
DA:5,1
DA:6,1
DA:7,1
DA:8,1
DA:10,1
DA:12,8
DA:13,8
DA:14,8
DA:15,8
DA:20,2
DA:21,2
DA:22,2
DA:23,2
DA:24,2
DA:28,0
DA:29,0
DA:33,3
DA:34,3
DA:35,1
DA:37,2
DA:38,1
DA:40,1
DA:41,1
DA:45,3
DA:47,3
DA:48,1
DA:50,2
DA:51,2
DA:52,1
DA:54,1
DA:58,1
LF:31
LH:29
BRDA:24,0,0,1
BRDA:24,0,1,1
BRDA:34,1,0,1
BRDA:34,1,1,2
BRDA:37,2,0,1
BRDA:37,2,1,1
BRDA:45,3,0,2
BRDA:45,3,1,1
BRDA:47,4,0,1
BRDA:47,4,1,2
BRDA:51,5,0,1
BRDA:51,5,1,1
BRF:12
BRH:12
end_of_record
TN:
SF:src\errors\ErrorBase.ts
FN:2,(anonymous_0)
FNF:1
FNH:1
FNDA:6,(anonymous_0)
DA:1,3
DA:2,6
DA:3,6
LF:3
LH:3
BRF:0
BRH:0
end_of_record
TN:
SF:src\errors\GenericError.ts
FN:4,(anonymous_0)
FNF:1
FNH:1
FNDA:2,(anonymous_0)
DA:1,1
DA:3,1
DA:5,2
LF:3
LH:3
BRF:0
BRH:0
end_of_record
TN:
SF:src\errors\InvalidData.ts
FN:4,(anonymous_0)
FNF:1
FNH:1
FNDA:3,(anonymous_0)
DA:1,3
DA:3,3
DA:5,3
LF:3
LH:3
BRF:0
BRH:0
end_of_record
TN:
SF:src\errors\UserNotFound.ts
FN:4,(anonymous_0)
FNF:1
FNH:1
FNDA:1,(anonymous_0)
DA:1,1
DA:3,1
DA:5,1
LF:3
LH:3
BRF:0
BRH:0
end_of_record
TN:
SF:src\models\User.ts
FN:4,(anonymous_0)
FN:8,(anonymous_1)
FN:12,(anonymous_2)
FN:16,(anonymous_3)
FN:20,(anonymous_4)
FN:24,(anonymous_5)
FN:28,(anonymous_6)
FN:33,(anonymous_7)
FNF:8
FNH:1
FNDA:0,(anonymous_0)
FNDA:0,(anonymous_1)
FNDA:0,(anonymous_2)
FNDA:0,(anonymous_3)
FNDA:0,(anonymous_4)
FNDA:0,(anonymous_5)
FNDA:0,(anonymous_6)
FNDA:1,(anonymous_7)
DA:3,1
DA:4,0
DA:5,0
DA:6,0
DA:9,0
DA:13,0
DA:17,0
DA:21,0
DA:25,0
DA:29,0
DA:33,1
DA:34,1
DA:35,1
DA:36,1
DA:37,1
LF:15
LH:6
BRDA:33,0,0,1
BRDA:33,0,1,1
BRF:2
BRH:2
end_of_record
